<?xml version="1.0" encoding="UTF-8"?>
<!-- Generated by org.testng.reporters.JUnitXMLReporter -->
<testsuite ignored="0" hostname="Five-Pebbles" failures="0" tests="7" name="Homeworks" time="51.866" errors="0" timestamp="2025-06-22T00:20:26 CST">
  <testcase classname="Tests" name="firstTest" time="4.353"/>
  <testcase classname="Tests" name="secondTest" time="3.589"/>
  <testcase classname="Tests" name="thirdTest" time="6.901"/>
  <testcase classname="Tests" name="fourthTest" time="6.243"/>
  <testcase classname="Tests" name="fifthTest" time="3.46"/>
  <testcase classname="Tests" name="sixthTest" time="3.413"/>
  <testcase classname="Tests" name="seventhTest" time="7.152"/>
</testsuite> <!-- Homeworks -->
